2018/08/03 13:24:32 [error] [exception.CDbException] exception 'CDbException' with message 'CDbConnection failed to open the DB connection: could not find driver' in C:\wamp64\www\yii\framework\db\CDbConnection.php:399
Stack trace:
#0 C:\wamp64\www\yii\framework\db\CDbConnection.php(347): CDbConnection->open()
#1 C:\wamp64\www\yii\framework\db\CDbConnection.php(325): CDbConnection->setActive(true)
#2 C:\wamp64\www\yii\framework\base\CModule.php(394): CDbConnection->init()
#3 C:\wamp64\www\yii\framework\base\CApplication.php(459): CModule->getComponent('db')
#4 C:\wamp64\www\yii\framework\db\ar\CActiveRecord.php(639): CApplication->getDb()
#5 C:\wamp64\www\yii\framework\db\ar\CActiveRecord.php(672): CActiveRecord->getDbConnection()
#6 C:\wamp64\www\yii\framework\db\ar\CActiveRecord.php(1463): CActiveRecord->getCommandBuilder()
#7 C:\wamp64\www\sisdiet\protected\models\LoginForm.php(54): CActiveRecord->find('username='admin...')
#8 C:\wamp64\www\yii\framework\validators\CInlineValidator.php(42): LoginForm->authenticate('password', Array)
#9 C:\wamp64\www\yii\framework\validators\CValidator.php(201): CInlineValidator->validateAttribute(Object(LoginForm), 'password')
#10 C:\wamp64\www\yii\framework\base\CModel.php(159): CValidator->validate(Object(LoginForm), NULL)
#11 C:\wamp64\www\sisdiet\protected\controllers\SiteController.php(96): CModel->validate()
#12 C:\wamp64\www\yii\framework\web\actions\CInlineAction.php(49): SiteController->actionLogin()
#13 C:\wamp64\www\yii\framework\web\CController.php(308): CInlineAction->runWithParams(Array)
#14 C:\wamp64\www\yii\framework\web\CController.php(286): CController->runAction(Object(CInlineAction))
#15 C:\wamp64\www\yii\framework\web\CController.php(265): CController->runActionWithFilters(Object(CInlineAction), Array)
#16 C:\wamp64\www\yii\framework\web\CWebApplication.php(282): CController->run('login')
#17 C:\wamp64\www\yii\framework\web\CWebApplication.php(141): CWebApplication->runController('site/login')
#18 C:\wamp64\www\yii\framework\base\CApplication.php(185): CWebApplication->processRequest()
#19 C:\wamp64\www\sisdiet\index.php(13): CApplication->run()
#20 {main}
REQUEST_URI=/sisdiet/index.php/site/login
HTTP_REFERER=http://localhost:81/sisdiet/index.php/site/login
---
2018/08/03 13:30:17 [error] [exception.CDbException] exception 'CDbException' with message 'CDbConnection failed to open the DB connection: SQLSTATE[08006] [7] FATAL:  database "sisdieta" does not exist' in C:\wamp64\www\yii\framework\db\CDbConnection.php:399
Stack trace:
#0 C:\wamp64\www\yii\framework\db\CDbConnection.php(347): CDbConnection->open()
#1 C:\wamp64\www\yii\framework\db\CDbConnection.php(325): CDbConnection->setActive(true)
#2 C:\wamp64\www\yii\framework\base\CModule.php(394): CDbConnection->init()
#3 C:\wamp64\www\yii\framework\base\CApplication.php(459): CModule->getComponent('db')
#4 C:\wamp64\www\yii\framework\db\ar\CActiveRecord.php(639): CApplication->getDb()
#5 C:\wamp64\www\yii\framework\db\ar\CActiveRecord.php(672): CActiveRecord->getDbConnection()
#6 C:\wamp64\www\yii\framework\db\ar\CActiveRecord.php(1463): CActiveRecord->getCommandBuilder()
#7 C:\wamp64\www\sisdiet\protected\models\LoginForm.php(54): CActiveRecord->find('username='admin...')
#8 C:\wamp64\www\yii\framework\validators\CInlineValidator.php(42): LoginForm->authenticate('password', Array)
#9 C:\wamp64\www\yii\framework\validators\CValidator.php(201): CInlineValidator->validateAttribute(Object(LoginForm), 'password')
#10 C:\wamp64\www\yii\framework\base\CModel.php(159): CValidator->validate(Object(LoginForm), NULL)
#11 C:\wamp64\www\sisdiet\protected\controllers\SiteController.php(96): CModel->validate()
#12 C:\wamp64\www\yii\framework\web\actions\CInlineAction.php(49): SiteController->actionLogin()
#13 C:\wamp64\www\yii\framework\web\CController.php(308): CInlineAction->runWithParams(Array)
#14 C:\wamp64\www\yii\framework\web\CController.php(286): CController->runAction(Object(CInlineAction))
#15 C:\wamp64\www\yii\framework\web\CController.php(265): CController->runActionWithFilters(Object(CInlineAction), Array)
#16 C:\wamp64\www\yii\framework\web\CWebApplication.php(282): CController->run('login')
#17 C:\wamp64\www\yii\framework\web\CWebApplication.php(141): CWebApplication->runController('site/login')
#18 C:\wamp64\www\yii\framework\base\CApplication.php(185): CWebApplication->processRequest()
#19 C:\wamp64\www\sisdiet\index.php(13): CApplication->run()
#20 {main}
REQUEST_URI=/sisdiet/index.php/site/login
HTTP_REFERER=http://localhost:81/sisdiet/index.php/site/login
---
2018/08/03 13:30:46 [error] [exception.CHttpException.404] exception 'CHttpException' with message 'No es posible resolver la solicitud "js/zeta.js"' in C:\wamp64\www\yii\framework\web\CWebApplication.php:286
Stack trace:
#0 C:\wamp64\www\yii\framework\web\CWebApplication.php(141): CWebApplication->runController('js/zeta.js')
#1 C:\wamp64\www\yii\framework\base\CApplication.php(185): CWebApplication->processRequest()
#2 C:\wamp64\www\sisdiet\index.php(13): CApplication->run()
#3 {main}
REQUEST_URI=/sisdiet/js/zeta.js
HTTP_REFERER=http://localhost:81/sisdiet/index.php/site/login
---
2018/08/03 13:30:46 [error] [exception.CHttpException.404] exception 'CHttpException' with message 'No es posible resolver la solicitud "themes/abound/css/gotico.css"' in C:\wamp64\www\yii\framework\web\CWebApplication.php:286
Stack trace:
#0 C:\wamp64\www\yii\framework\web\CWebApplication.php(141): CWebApplication->runController('themes/abound/c...')
#1 C:\wamp64\www\yii\framework\base\CApplication.php(185): CWebApplication->processRequest()
#2 C:\wamp64\www\sisdiet\index.php(13): CApplication->run()
#3 {main}
REQUEST_URI=/sisdiet/themes/abound/css/gotico.css
HTTP_REFERER=http://localhost:81/sisdiet/index.php/site/login
---
2018/08/03 13:30:48 [error] [exception.CHttpException.404] exception 'CHttpException' with message 'No es posible resolver la solicitud "themes/abound/css/gotico.css"' in C:\wamp64\www\yii\framework\web\CWebApplication.php:286
Stack trace:
#0 C:\wamp64\www\yii\framework\web\CWebApplication.php(141): CWebApplication->runController('themes/abound/c...')
#1 C:\wamp64\www\yii\framework\base\CApplication.php(185): CWebApplication->processRequest()
#2 C:\wamp64\www\sisdiet\index.php(13): CApplication->run()
#3 {main}
REQUEST_URI=/sisdiet/themes/abound/css/gotico.css
HTTP_REFERER=http://localhost:81/sisdiet/index.php/site/login
---
2018/08/03 13:30:48 [error] [exception.CHttpException.404] exception 'CHttpException' with message 'No es posible resolver la solicitud "js/zeta.js"' in C:\wamp64\www\yii\framework\web\CWebApplication.php:286
Stack trace:
#0 C:\wamp64\www\yii\framework\web\CWebApplication.php(141): CWebApplication->runController('js/zeta.js')
#1 C:\wamp64\www\yii\framework\base\CApplication.php(185): CWebApplication->processRequest()
#2 C:\wamp64\www\sisdiet\index.php(13): CApplication->run()
#3 {main}
REQUEST_URI=/sisdiet/js/zeta.js
HTTP_REFERER=http://localhost:81/sisdiet/index.php/site/login
---
2018/08/03 13:54:56 [error] [exception.CHttpException.404] exception 'CHttpException' with message 'No es posible resolver la solicitud "js/zeta.js"' in C:\wamp64\www\yii\framework\web\CWebApplication.php:286
Stack trace:
#0 C:\wamp64\www\yii\framework\web\CWebApplication.php(141): CWebApplication->runController('js/zeta.js')
#1 C:\wamp64\www\yii\framework\base\CApplication.php(185): CWebApplication->processRequest()
#2 C:\wamp64\www\sisdiet\index.php(13): CApplication->run()
#3 {main}
REQUEST_URI=/sisdiet/js/zeta.js
HTTP_REFERER=http://localhost:81/sisdiet/
---
2018/08/03 13:54:56 [error] [exception.CHttpException.404] exception 'CHttpException' with message 'No es posible resolver la solicitud "themes/abound/css/gotico.css"' in C:\wamp64\www\yii\framework\web\CWebApplication.php:286
Stack trace:
#0 C:\wamp64\www\yii\framework\web\CWebApplication.php(141): CWebApplication->runController('themes/abound/c...')
#1 C:\wamp64\www\yii\framework\base\CApplication.php(185): CWebApplication->processRequest()
#2 C:\wamp64\www\sisdiet\index.php(13): CApplication->run()
#3 {main}
REQUEST_URI=/sisdiet/themes/abound/css/gotico.css
HTTP_REFERER=http://localhost:81/sisdiet/
---
2018/08/03 13:54:57 [error] [exception.CHttpException.404] exception 'CHttpException' with message 'No es posible resolver la solicitud "js/zeta.js"' in C:\wamp64\www\yii\framework\web\CWebApplication.php:286
Stack trace:
#0 C:\wamp64\www\yii\framework\web\CWebApplication.php(141): CWebApplication->runController('js/zeta.js')
#1 C:\wamp64\www\yii\framework\base\CApplication.php(185): CWebApplication->processRequest()
#2 C:\wamp64\www\sisdiet\index.php(13): CApplication->run()
#3 {main}
REQUEST_URI=/sisdiet/js/zeta.js
HTTP_REFERER=http://localhost:81/sisdiet/
---
2018/08/03 13:56:39 [error] [exception.CHttpException.404] exception 'CHttpException' with message 'No es posible resolver la solicitud "themes/abound/css/gotico.css"' in C:\wamp64\www\yii\framework\web\CWebApplication.php:286
Stack trace:
#0 C:\wamp64\www\yii\framework\web\CWebApplication.php(141): CWebApplication->runController('themes/abound/c...')
#1 C:\wamp64\www\yii\framework\base\CApplication.php(185): CWebApplication->processRequest()
#2 C:\wamp64\www\sisdiet\index.php(13): CApplication->run()
#3 {main}
REQUEST_URI=/sisdiet/themes/abound/css/gotico.css
HTTP_REFERER=http://localhost:81/sisdiet/index.php/usuario/update/2
---
2018/08/03 13:56:39 [error] [exception.CHttpException.404] exception 'CHttpException' with message 'No es posible resolver la solicitud "js/zeta.js"' in C:\wamp64\www\yii\framework\web\CWebApplication.php:286
Stack trace:
#0 C:\wamp64\www\yii\framework\web\CWebApplication.php(141): CWebApplication->runController('js/zeta.js')
#1 C:\wamp64\www\yii\framework\base\CApplication.php(185): CWebApplication->processRequest()
#2 C:\wamp64\www\sisdiet\index.php(13): CApplication->run()
#3 {main}
REQUEST_URI=/sisdiet/js/zeta.js
HTTP_REFERER=http://localhost:81/sisdiet/index.php/usuario/update/2
---
2018/08/03 13:56:46 [error] [exception.CHttpException.404] exception 'CHttpException' with message 'No es posible resolver la solicitud "themes/abound/css/gotico.css"' in C:\wamp64\www\yii\framework\web\CWebApplication.php:286
Stack trace:
#0 C:\wamp64\www\yii\framework\web\CWebApplication.php(141): CWebApplication->runController('themes/abound/c...')
#1 C:\wamp64\www\yii\framework\base\CApplication.php(185): CWebApplication->processRequest()
#2 C:\wamp64\www\sisdiet\index.php(13): CApplication->run()
#3 {main}
REQUEST_URI=/sisdiet/themes/abound/css/gotico.css
HTTP_REFERER=http://localhost:81/sisdiet/
---
2018/08/03 13:56:46 [error] [exception.CHttpException.404] exception 'CHttpException' with message 'No es posible resolver la solicitud "js/zeta.js"' in C:\wamp64\www\yii\framework\web\CWebApplication.php:286
Stack trace:
#0 C:\wamp64\www\yii\framework\web\CWebApplication.php(141): CWebApplication->runController('js/zeta.js')
#1 C:\wamp64\www\yii\framework\base\CApplication.php(185): CWebApplication->processRequest()
#2 C:\wamp64\www\sisdiet\index.php(13): CApplication->run()
#3 {main}
REQUEST_URI=/sisdiet/js/zeta.js
HTTP_REFERER=http://localhost:81/sisdiet/
---
2018/08/03 13:56:51 [error] [exception.CHttpException.404] exception 'CHttpException' with message 'No es posible resolver la solicitud "themes/abound/css/gotico.css"' in C:\wamp64\www\yii\framework\web\CWebApplication.php:286
Stack trace:
#0 C:\wamp64\www\yii\framework\web\CWebApplication.php(141): CWebApplication->runController('themes/abound/c...')
#1 C:\wamp64\www\yii\framework\base\CApplication.php(185): CWebApplication->processRequest()
#2 C:\wamp64\www\sisdiet\index.php(13): CApplication->run()
#3 {main}
REQUEST_URI=/sisdiet/themes/abound/css/gotico.css
HTTP_REFERER=http://localhost:81/sisdiet/index.php/usuario/2
---
2018/08/03 13:56:51 [error] [exception.CHttpException.404] exception 'CHttpException' with message 'No es posible resolver la solicitud "js/zeta.js"' in C:\wamp64\www\yii\framework\web\CWebApplication.php:286
Stack trace:
#0 C:\wamp64\www\yii\framework\web\CWebApplication.php(141): CWebApplication->runController('js/zeta.js')
#1 C:\wamp64\www\yii\framework\base\CApplication.php(185): CWebApplication->processRequest()
#2 C:\wamp64\www\sisdiet\index.php(13): CApplication->run()
#3 {main}
REQUEST_URI=/sisdiet/js/zeta.js
HTTP_REFERER=http://localhost:81/sisdiet/index.php/usuario/2
---
2018/08/03 13:56:53 [error] [exception.CHttpException.404] exception 'CHttpException' with message 'No es posible resolver la solicitud "themes/abound/css/gotico.css"' in C:\wamp64\www\yii\framework\web\CWebApplication.php:286
Stack trace:
#0 C:\wamp64\www\yii\framework\web\CWebApplication.php(141): CWebApplication->runController('themes/abound/c...')
#1 C:\wamp64\www\yii\framework\base\CApplication.php(185): CWebApplication->processRequest()
#2 C:\wamp64\www\sisdiet\index.php(13): CApplication->run()
#3 {main}
REQUEST_URI=/sisdiet/themes/abound/css/gotico.css
HTTP_REFERER=http://localhost:81/sisdiet/
---
2018/08/03 13:56:53 [error] [exception.CHttpException.404] exception 'CHttpException' with message 'No es posible resolver la solicitud "js/zeta.js"' in C:\wamp64\www\yii\framework\web\CWebApplication.php:286
Stack trace:
#0 C:\wamp64\www\yii\framework\web\CWebApplication.php(141): CWebApplication->runController('js/zeta.js')
#1 C:\wamp64\www\yii\framework\base\CApplication.php(185): CWebApplication->processRequest()
#2 C:\wamp64\www\sisdiet\index.php(13): CApplication->run()
#3 {main}
REQUEST_URI=/sisdiet/js/zeta.js
HTTP_REFERER=http://localhost:81/sisdiet/
---
2018/08/03 13:56:56 [error] [exception.CHttpException.404] exception 'CHttpException' with message 'No es posible resolver la solicitud "js/zeta.js"' in C:\wamp64\www\yii\framework\web\CWebApplication.php:286
Stack trace:
#0 C:\wamp64\www\yii\framework\web\CWebApplication.php(141): CWebApplication->runController('js/zeta.js')
#1 C:\wamp64\www\yii\framework\base\CApplication.php(185): CWebApplication->processRequest()
#2 C:\wamp64\www\sisdiet\index.php(13): CApplication->run()
#3 {main}
REQUEST_URI=/sisdiet/js/zeta.js
HTTP_REFERER=http://localhost:81/sisdiet/index.php/usuario/update/2
---
2018/08/03 13:56:56 [error] [exception.CHttpException.404] exception 'CHttpException' with message 'No es posible resolver la solicitud "themes/abound/css/gotico.css"' in C:\wamp64\www\yii\framework\web\CWebApplication.php:286
Stack trace:
#0 C:\wamp64\www\yii\framework\web\CWebApplication.php(141): CWebApplication->runController('themes/abound/c...')
#1 C:\wamp64\www\yii\framework\base\CApplication.php(185): CWebApplication->processRequest()
#2 C:\wamp64\www\sisdiet\index.php(13): CApplication->run()
#3 {main}
REQUEST_URI=/sisdiet/themes/abound/css/gotico.css
HTTP_REFERER=http://localhost:81/sisdiet/index.php/usuario/update/2
---
2018/08/03 13:57:02 [error] [exception.CHttpException.404] exception 'CHttpException' with message 'No es posible resolver la solicitud "themes/abound/css/gotico.css"' in C:\wamp64\www\yii\framework\web\CWebApplication.php:286
Stack trace:
#0 C:\wamp64\www\yii\framework\web\CWebApplication.php(141): CWebApplication->runController('themes/abound/c...')
#1 C:\wamp64\www\yii\framework\base\CApplication.php(185): CWebApplication->processRequest()
#2 C:\wamp64\www\sisdiet\index.php(13): CApplication->run()
#3 {main}
REQUEST_URI=/sisdiet/themes/abound/css/gotico.css
HTTP_REFERER=http://localhost:81/sisdiet/
---
2018/08/03 13:57:02 [error] [exception.CHttpException.404] exception 'CHttpException' with message 'No es posible resolver la solicitud "js/zeta.js"' in C:\wamp64\www\yii\framework\web\CWebApplication.php:286
Stack trace:
#0 C:\wamp64\www\yii\framework\web\CWebApplication.php(141): CWebApplication->runController('js/zeta.js')
#1 C:\wamp64\www\yii\framework\base\CApplication.php(185): CWebApplication->processRequest()
#2 C:\wamp64\www\sisdiet\index.php(13): CApplication->run()
#3 {main}
REQUEST_URI=/sisdiet/js/zeta.js
HTTP_REFERER=http://localhost:81/sisdiet/
---
2018/08/03 13:57:05 [error] [exception.CHttpException.404] exception 'CHttpException' with message 'No es posible resolver la solicitud "themes/abound/css/gotico.css"' in C:\wamp64\www\yii\framework\web\CWebApplication.php:286
Stack trace:
#0 C:\wamp64\www\yii\framework\web\CWebApplication.php(141): CWebApplication->runController('themes/abound/c...')
#1 C:\wamp64\www\yii\framework\base\CApplication.php(185): CWebApplication->processRequest()
#2 C:\wamp64\www\sisdiet\index.php(13): CApplication->run()
#3 {main}
REQUEST_URI=/sisdiet/themes/abound/css/gotico.css
HTTP_REFERER=http://localhost:81/sisdiet/index.php/usuario/update/1
---
2018/08/03 13:57:05 [error] [exception.CHttpException.404] exception 'CHttpException' with message 'No es posible resolver la solicitud "js/zeta.js"' in C:\wamp64\www\yii\framework\web\CWebApplication.php:286
Stack trace:
#0 C:\wamp64\www\yii\framework\web\CWebApplication.php(141): CWebApplication->runController('js/zeta.js')
#1 C:\wamp64\www\yii\framework\base\CApplication.php(185): CWebApplication->processRequest()
#2 C:\wamp64\www\sisdiet\index.php(13): CApplication->run()
#3 {main}
REQUEST_URI=/sisdiet/js/zeta.js
HTTP_REFERER=http://localhost:81/sisdiet/index.php/usuario/update/1
---
2018/08/03 13:57:11 [error] [exception.CHttpException.404] exception 'CHttpException' with message 'No es posible resolver la solicitud "js/zeta.js"' in C:\wamp64\www\yii\framework\web\CWebApplication.php:286
Stack trace:
#0 C:\wamp64\www\yii\framework\web\CWebApplication.php(141): CWebApplication->runController('js/zeta.js')
#1 C:\wamp64\www\yii\framework\base\CApplication.php(185): CWebApplication->processRequest()
#2 C:\wamp64\www\sisdiet\index.php(13): CApplication->run()
#3 {main}
REQUEST_URI=/sisdiet/js/zeta.js
HTTP_REFERER=http://localhost:81/sisdiet/index.php/usuario/update_1/1
---
2018/08/03 13:57:11 [error] [exception.CHttpException.404] exception 'CHttpException' with message 'No es posible resolver la solicitud "themes/abound/css/gotico.css"' in C:\wamp64\www\yii\framework\web\CWebApplication.php:286
Stack trace:
#0 C:\wamp64\www\yii\framework\web\CWebApplication.php(141): CWebApplication->runController('themes/abound/c...')
#1 C:\wamp64\www\yii\framework\base\CApplication.php(185): CWebApplication->processRequest()
#2 C:\wamp64\www\sisdiet\index.php(13): CApplication->run()
#3 {main}
REQUEST_URI=/sisdiet/themes/abound/css/gotico.css
HTTP_REFERER=http://localhost:81/sisdiet/index.php/usuario/update_1/1
---
2018/08/03 13:57:21 [error] [exception.CHttpException.404] exception 'CHttpException' with message 'No es posible resolver la solicitud "themes/abound/css/gotico.css"' in C:\wamp64\www\yii\framework\web\CWebApplication.php:286
Stack trace:
#0 C:\wamp64\www\yii\framework\web\CWebApplication.php(141): CWebApplication->runController('themes/abound/c...')
#1 C:\wamp64\www\yii\framework\base\CApplication.php(185): CWebApplication->processRequest()
#2 C:\wamp64\www\sisdiet\index.php(13): CApplication->run()
#3 {main}
REQUEST_URI=/sisdiet/themes/abound/css/gotico.css
HTTP_REFERER=http://localhost:81/sisdiet/index.php/usuario/admin
---
2018/08/03 13:57:21 [error] [exception.CHttpException.404] exception 'CHttpException' with message 'No es posible resolver la solicitud "js/zeta.js"' in C:\wamp64\www\yii\framework\web\CWebApplication.php:286
Stack trace:
#0 C:\wamp64\www\yii\framework\web\CWebApplication.php(141): CWebApplication->runController('js/zeta.js')
#1 C:\wamp64\www\yii\framework\base\CApplication.php(185): CWebApplication->processRequest()
#2 C:\wamp64\www\sisdiet\index.php(13): CApplication->run()
#3 {main}
REQUEST_URI=/sisdiet/js/zeta.js
HTTP_REFERER=http://localhost:81/sisdiet/index.php/usuario/admin
---
2018/08/03 13:57:28 [error] [exception.CHttpException.404] exception 'CHttpException' with message 'No es posible resolver la solicitud "themes/abound/css/gotico.css"' in C:\wamp64\www\yii\framework\web\CWebApplication.php:286
Stack trace:
#0 C:\wamp64\www\yii\framework\web\CWebApplication.php(141): CWebApplication->runController('themes/abound/c...')
#1 C:\wamp64\www\yii\framework\base\CApplication.php(185): CWebApplication->processRequest()
#2 C:\wamp64\www\sisdiet\index.php(13): CApplication->run()
#3 {main}
REQUEST_URI=/sisdiet/themes/abound/css/gotico.css
HTTP_REFERER=http://localhost:81/sisdiet/index.php/usuario/update_1/1
---
2018/08/03 13:57:28 [error] [exception.CHttpException.404] exception 'CHttpException' with message 'No es posible resolver la solicitud "js/zeta.js"' in C:\wamp64\www\yii\framework\web\CWebApplication.php:286
Stack trace:
#0 C:\wamp64\www\yii\framework\web\CWebApplication.php(141): CWebApplication->runController('js/zeta.js')
#1 C:\wamp64\www\yii\framework\base\CApplication.php(185): CWebApplication->processRequest()
#2 C:\wamp64\www\sisdiet\index.php(13): CApplication->run()
#3 {main}
REQUEST_URI=/sisdiet/js/zeta.js
HTTP_REFERER=http://localhost:81/sisdiet/index.php/usuario/update_1/1
---
2018/08/03 13:57:31 [error] [exception.CHttpException.404] exception 'CHttpException' with message 'No es posible resolver la solicitud "themes/abound/css/gotico.css"' in C:\wamp64\www\yii\framework\web\CWebApplication.php:286
Stack trace:
#0 C:\wamp64\www\yii\framework\web\CWebApplication.php(141): CWebApplication->runController('themes/abound/c...')
#1 C:\wamp64\www\yii\framework\base\CApplication.php(185): CWebApplication->processRequest()
#2 C:\wamp64\www\sisdiet\index.php(13): CApplication->run()
#3 {main}
REQUEST_URI=/sisdiet/themes/abound/css/gotico.css
HTTP_REFERER=http://localhost:81/sisdiet/index.php/usuario/update_1/2
---
2018/08/03 13:57:31 [error] [exception.CHttpException.404] exception 'CHttpException' with message 'No es posible resolver la solicitud "js/zeta.js"' in C:\wamp64\www\yii\framework\web\CWebApplication.php:286
Stack trace:
#0 C:\wamp64\www\yii\framework\web\CWebApplication.php(141): CWebApplication->runController('js/zeta.js')
#1 C:\wamp64\www\yii\framework\base\CApplication.php(185): CWebApplication->processRequest()
#2 C:\wamp64\www\sisdiet\index.php(13): CApplication->run()
#3 {main}
REQUEST_URI=/sisdiet/js/zeta.js
HTTP_REFERER=http://localhost:81/sisdiet/index.php/usuario/update_1/2
---
2018/08/03 13:57:42 [error] [exception.CHttpException.404] exception 'CHttpException' with message 'No es posible resolver la solicitud "themes/abound/css/gotico.css"' in C:\wamp64\www\yii\framework\web\CWebApplication.php:286
Stack trace:
#0 C:\wamp64\www\yii\framework\web\CWebApplication.php(141): CWebApplication->runController('themes/abound/c...')
#1 C:\wamp64\www\yii\framework\base\CApplication.php(185): CWebApplication->processRequest()
#2 C:\wamp64\www\sisdiet\index.php(13): CApplication->run()
#3 {main}
REQUEST_URI=/sisdiet/themes/abound/css/gotico.css
HTTP_REFERER=http://localhost:81/sisdiet/index.php/usuario/admin
---
2018/08/03 13:57:42 [error] [exception.CHttpException.404] exception 'CHttpException' with message 'No es posible resolver la solicitud "js/zeta.js"' in C:\wamp64\www\yii\framework\web\CWebApplication.php:286
Stack trace:
#0 C:\wamp64\www\yii\framework\web\CWebApplication.php(141): CWebApplication->runController('js/zeta.js')
#1 C:\wamp64\www\yii\framework\base\CApplication.php(185): CWebApplication->processRequest()
#2 C:\wamp64\www\sisdiet\index.php(13): CApplication->run()
#3 {main}
REQUEST_URI=/sisdiet/js/zeta.js
HTTP_REFERER=http://localhost:81/sisdiet/index.php/usuario/admin
---
2018/08/03 13:57:46 [error] [exception.CHttpException.403] exception 'CHttpException' with message 'Usted no se encuentra autorizado a realizar esta acción.' in C:\wamp64\www\yii\framework\web\auth\CAccessControlFilter.php:183
Stack trace:
#0 C:\wamp64\www\yii\framework\web\auth\CAccessControlFilter.php(145): CAccessControlFilter->accessDenied(Object(CWebUser), 'Usted no se enc...')
#1 C:\wamp64\www\yii\framework\web\filters\CFilter.php(38): CAccessControlFilter->preFilter(Object(CFilterChain))
#2 C:\wamp64\www\yii\framework\web\CController.php(1148): CFilter->filter(Object(CFilterChain))
#3 C:\wamp64\www\yii\framework\web\filters\CInlineFilter.php(58): CController->filterAccessControl(Object(CFilterChain))
#4 C:\wamp64\www\yii\framework\web\filters\CFilterChain.php(131): CInlineFilter->filter(Object(CFilterChain))
#5 C:\wamp64\www\yii\framework\web\CController.php(291): CFilterChain->run()
#6 C:\wamp64\www\yii\framework\web\CController.php(265): CController->runActionWithFilters(Object(CInlineAction), Array)
#7 C:\wamp64\www\yii\framework\web\CWebApplication.php(282): CController->run('delete')
#8 C:\wamp64\www\yii\framework\web\CWebApplication.php(141): CWebApplication->runController('usuario/delete')
#9 C:\wamp64\www\yii\framework\base\CApplication.php(185): CWebApplication->processRequest()
#10 C:\wamp64\www\sisdiet\index.php(13): CApplication->run()
#11 {main}
REQUEST_URI=/sisdiet/index.php/usuario/delete/3?ajax=usuario-grid
HTTP_REFERER=http://localhost:81/sisdiet/index.php/usuario/admin
---
2018/08/03 13:57:52 [error] [exception.CHttpException.403] exception 'CHttpException' with message 'Usted no se encuentra autorizado a realizar esta acción.' in C:\wamp64\www\yii\framework\web\auth\CAccessControlFilter.php:183
Stack trace:
#0 C:\wamp64\www\yii\framework\web\auth\CAccessControlFilter.php(145): CAccessControlFilter->accessDenied(Object(CWebUser), 'Usted no se enc...')
#1 C:\wamp64\www\yii\framework\web\filters\CFilter.php(38): CAccessControlFilter->preFilter(Object(CFilterChain))
#2 C:\wamp64\www\yii\framework\web\CController.php(1148): CFilter->filter(Object(CFilterChain))
#3 C:\wamp64\www\yii\framework\web\filters\CInlineFilter.php(58): CController->filterAccessControl(Object(CFilterChain))
#4 C:\wamp64\www\yii\framework\web\filters\CFilterChain.php(131): CInlineFilter->filter(Object(CFilterChain))
#5 C:\wamp64\www\yii\framework\web\CController.php(291): CFilterChain->run()
#6 C:\wamp64\www\yii\framework\web\CController.php(265): CController->runActionWithFilters(Object(CInlineAction), Array)
#7 C:\wamp64\www\yii\framework\web\CWebApplication.php(282): CController->run('delete')
#8 C:\wamp64\www\yii\framework\web\CWebApplication.php(141): CWebApplication->runController('usuario/delete')
#9 C:\wamp64\www\yii\framework\base\CApplication.php(185): CWebApplication->processRequest()
#10 C:\wamp64\www\sisdiet\index.php(13): CApplication->run()
#11 {main}
REQUEST_URI=/sisdiet/index.php/usuario/delete/3?ajax=usuario-grid
HTTP_REFERER=http://localhost:81/sisdiet/index.php/usuario/admin
---
2018/08/03 13:57:56 [error] [exception.CHttpException.404] exception 'CHttpException' with message 'No es posible resolver la solicitud "themes/abound/css/gotico.css"' in C:\wamp64\www\yii\framework\web\CWebApplication.php:286
Stack trace:
#0 C:\wamp64\www\yii\framework\web\CWebApplication.php(141): CWebApplication->runController('themes/abound/c...')
#1 C:\wamp64\www\yii\framework\base\CApplication.php(185): CWebApplication->processRequest()
#2 C:\wamp64\www\sisdiet\index.php(13): CApplication->run()
#3 {main}
REQUEST_URI=/sisdiet/themes/abound/css/gotico.css
HTTP_REFERER=http://localhost:81/sisdiet/index.php/site/login
---
2018/08/03 13:57:56 [error] [exception.CHttpException.404] exception 'CHttpException' with message 'No es posible resolver la solicitud "js/zeta.js"' in C:\wamp64\www\yii\framework\web\CWebApplication.php:286
Stack trace:
#0 C:\wamp64\www\yii\framework\web\CWebApplication.php(141): CWebApplication->runController('js/zeta.js')
#1 C:\wamp64\www\yii\framework\base\CApplication.php(185): CWebApplication->processRequest()
#2 C:\wamp64\www\sisdiet\index.php(13): CApplication->run()
#3 {main}
REQUEST_URI=/sisdiet/js/zeta.js
HTTP_REFERER=http://localhost:81/sisdiet/index.php/site/login
---
2018/08/03 13:57:58 [error] [exception.CHttpException.404] exception 'CHttpException' with message 'No es posible resolver la solicitud "themes/abound/css/gotico.css"' in C:\wamp64\www\yii\framework\web\CWebApplication.php:286
Stack trace:
#0 C:\wamp64\www\yii\framework\web\CWebApplication.php(141): CWebApplication->runController('themes/abound/c...')
#1 C:\wamp64\www\yii\framework\base\CApplication.php(185): CWebApplication->processRequest()
#2 C:\wamp64\www\sisdiet\index.php(13): CApplication->run()
#3 {main}
REQUEST_URI=/sisdiet/themes/abound/css/gotico.css
HTTP_REFERER=http://localhost:81/sisdiet/index.php
---
2018/08/03 13:57:58 [error] [exception.CHttpException.404] exception 'CHttpException' with message 'No es posible resolver la solicitud "js/zeta.js"' in C:\wamp64\www\yii\framework\web\CWebApplication.php:286
Stack trace:
#0 C:\wamp64\www\yii\framework\web\CWebApplication.php(141): CWebApplication->runController('js/zeta.js')
#1 C:\wamp64\www\yii\framework\base\CApplication.php(185): CWebApplication->processRequest()
#2 C:\wamp64\www\sisdiet\index.php(13): CApplication->run()
#3 {main}
REQUEST_URI=/sisdiet/js/zeta.js
HTTP_REFERER=http://localhost:81/sisdiet/index.php
---
2018/08/03 13:58:03 [error] [exception.CHttpException.404] exception 'CHttpException' with message 'No es posible resolver la solicitud "js/zeta.js"' in C:\wamp64\www\yii\framework\web\CWebApplication.php:286
Stack trace:
#0 C:\wamp64\www\yii\framework\web\CWebApplication.php(141): CWebApplication->runController('js/zeta.js')
#1 C:\wamp64\www\yii\framework\base\CApplication.php(185): CWebApplication->processRequest()
#2 C:\wamp64\www\sisdiet\index.php(13): CApplication->run()
#3 {main}
REQUEST_URI=/sisdiet/js/zeta.js
HTTP_REFERER=http://localhost:81/sisdiet/index.php/usuario/update/1
---
2018/08/03 13:58:03 [error] [exception.CHttpException.404] exception 'CHttpException' with message 'No es posible resolver la solicitud "themes/abound/css/gotico.css"' in C:\wamp64\www\yii\framework\web\CWebApplication.php:286
Stack trace:
#0 C:\wamp64\www\yii\framework\web\CWebApplication.php(141): CWebApplication->runController('themes/abound/c...')
#1 C:\wamp64\www\yii\framework\base\CApplication.php(185): CWebApplication->processRequest()
#2 C:\wamp64\www\sisdiet\index.php(13): CApplication->run()
#3 {main}
REQUEST_URI=/sisdiet/themes/abound/css/gotico.css
HTTP_REFERER=http://localhost:81/sisdiet/index.php/usuario/update/1
---
2018/08/03 13:58:17 [error] [exception.CHttpException.404] exception 'CHttpException' with message 'No es posible resolver la solicitud "js/zeta.js"' in C:\wamp64\www\yii\framework\web\CWebApplication.php:286
Stack trace:
#0 C:\wamp64\www\yii\framework\web\CWebApplication.php(141): CWebApplication->runController('js/zeta.js')
#1 C:\wamp64\www\yii\framework\base\CApplication.php(185): CWebApplication->processRequest()
#2 C:\wamp64\www\sisdiet\index.php(13): CApplication->run()
#3 {main}
REQUEST_URI=/sisdiet/js/zeta.js
HTTP_REFERER=http://localhost:81/sisdiet/index.php/usuario/1
---
2018/08/03 13:58:17 [error] [exception.CHttpException.404] exception 'CHttpException' with message 'No es posible resolver la solicitud "themes/abound/css/gotico.css"' in C:\wamp64\www\yii\framework\web\CWebApplication.php:286
Stack trace:
#0 C:\wamp64\www\yii\framework\web\CWebApplication.php(141): CWebApplication->runController('themes/abound/c...')
#1 C:\wamp64\www\yii\framework\base\CApplication.php(185): CWebApplication->processRequest()
#2 C:\wamp64\www\sisdiet\index.php(13): CApplication->run()
#3 {main}
REQUEST_URI=/sisdiet/themes/abound/css/gotico.css
HTTP_REFERER=http://localhost:81/sisdiet/index.php/usuario/1
---
2018/08/03 13:58:23 [error] [exception.CHttpException.404] exception 'CHttpException' with message 'No es posible resolver la solicitud "js/zeta.js"' in C:\wamp64\www\yii\framework\web\CWebApplication.php:286
Stack trace:
#0 C:\wamp64\www\yii\framework\web\CWebApplication.php(141): CWebApplication->runController('js/zeta.js')
#1 C:\wamp64\www\yii\framework\base\CApplication.php(185): CWebApplication->processRequest()
#2 C:\wamp64\www\sisdiet\index.php(13): CApplication->run()
#3 {main}
REQUEST_URI=/sisdiet/js/zeta.js
HTTP_REFERER=http://localhost:81/sisdiet/index.php/cliente/create?visible=1
---
2018/08/03 13:58:23 [error] [exception.CHttpException.404] exception 'CHttpException' with message 'No es posible resolver la solicitud "themes/abound/css/gotico.css"' in C:\wamp64\www\yii\framework\web\CWebApplication.php:286
Stack trace:
#0 C:\wamp64\www\yii\framework\web\CWebApplication.php(141): CWebApplication->runController('themes/abound/c...')
#1 C:\wamp64\www\yii\framework\base\CApplication.php(185): CWebApplication->processRequest()
#2 C:\wamp64\www\sisdiet\index.php(13): CApplication->run()
#3 {main}
REQUEST_URI=/sisdiet/themes/abound/css/gotico.css
HTTP_REFERER=http://localhost:81/sisdiet/index.php/cliente/create?visible=1
---
2018/08/03 13:58:28 [error] [exception.CHttpException.404] exception 'CHttpException' with message 'No es posible resolver la solicitud "js/zeta.js"' in C:\wamp64\www\yii\framework\web\CWebApplication.php:286
Stack trace:
#0 C:\wamp64\www\yii\framework\web\CWebApplication.php(141): CWebApplication->runController('js/zeta.js')
#1 C:\wamp64\www\yii\framework\base\CApplication.php(185): CWebApplication->processRequest()
#2 C:\wamp64\www\sisdiet\index.php(13): CApplication->run()
#3 {main}
REQUEST_URI=/sisdiet/js/zeta.js
HTTP_REFERER=http://localhost:81/sisdiet/index.php/mascota/admin?visible=1
---
2018/08/03 13:58:28 [error] [exception.CHttpException.404] exception 'CHttpException' with message 'No es posible resolver la solicitud "themes/abound/css/gotico.css"' in C:\wamp64\www\yii\framework\web\CWebApplication.php:286
Stack trace:
#0 C:\wamp64\www\yii\framework\web\CWebApplication.php(141): CWebApplication->runController('themes/abound/c...')
#1 C:\wamp64\www\yii\framework\base\CApplication.php(185): CWebApplication->processRequest()
#2 C:\wamp64\www\sisdiet\index.php(13): CApplication->run()
#3 {main}
REQUEST_URI=/sisdiet/themes/abound/css/gotico.css
HTTP_REFERER=http://localhost:81/sisdiet/index.php/mascota/admin?visible=1
---
2018/08/03 13:58:36 [error] [exception.CHttpException.404] exception 'CHttpException' with message 'No es posible resolver la solicitud "themes/abound/css/gotico.css"' in C:\wamp64\www\yii\framework\web\CWebApplication.php:286
Stack trace:
#0 C:\wamp64\www\yii\framework\web\CWebApplication.php(141): CWebApplication->runController('themes/abound/c...')
#1 C:\wamp64\www\yii\framework\base\CApplication.php(185): CWebApplication->processRequest()
#2 C:\wamp64\www\sisdiet\index.php(13): CApplication->run()
#3 {main}
REQUEST_URI=/sisdiet/themes/abound/css/gotico.css
HTTP_REFERER=http://localhost:81/sisdiet/index.php/alimento/admin?visible=1
---
2018/08/03 13:58:36 [error] [exception.CHttpException.404] exception 'CHttpException' with message 'No es posible resolver la solicitud "js/zeta.js"' in C:\wamp64\www\yii\framework\web\CWebApplication.php:286
Stack trace:
#0 C:\wamp64\www\yii\framework\web\CWebApplication.php(141): CWebApplication->runController('js/zeta.js')
#1 C:\wamp64\www\yii\framework\base\CApplication.php(185): CWebApplication->processRequest()
#2 C:\wamp64\www\sisdiet\index.php(13): CApplication->run()
#3 {main}
REQUEST_URI=/sisdiet/js/zeta.js
HTTP_REFERER=http://localhost:81/sisdiet/index.php/alimento/admin?visible=1
---
2018/08/03 13:58:40 [error] [exception.CHttpException.404] exception 'CHttpException' with message 'No es posible resolver la solicitud "themes/abound/css/gotico.css"' in C:\wamp64\www\yii\framework\web\CWebApplication.php:286
Stack trace:
#0 C:\wamp64\www\yii\framework\web\CWebApplication.php(141): CWebApplication->runController('themes/abound/c...')
#1 C:\wamp64\www\yii\framework\base\CApplication.php(185): CWebApplication->processRequest()
#2 C:\wamp64\www\sisdiet\index.php(13): CApplication->run()
#3 {main}
REQUEST_URI=/sisdiet/themes/abound/css/gotico.css
HTTP_REFERER=http://localhost:81/sisdiet/index.php/entradaAlmacen/admin?visible=1
---
2018/08/03 13:58:40 [error] [exception.CHttpException.404] exception 'CHttpException' with message 'No es posible resolver la solicitud "js/zeta.js"' in C:\wamp64\www\yii\framework\web\CWebApplication.php:286
Stack trace:
#0 C:\wamp64\www\yii\framework\web\CWebApplication.php(141): CWebApplication->runController('js/zeta.js')
#1 C:\wamp64\www\yii\framework\base\CApplication.php(185): CWebApplication->processRequest()
#2 C:\wamp64\www\sisdiet\index.php(13): CApplication->run()
#3 {main}
REQUEST_URI=/sisdiet/js/zeta.js
HTTP_REFERER=http://localhost:81/sisdiet/index.php/entradaAlmacen/admin?visible=1
---
2018/08/03 13:58:43 [error] [exception.CHttpException.404] exception 'CHttpException' with message 'No es posible resolver la solicitud "themes/abound/css/gotico.css"' in C:\wamp64\www\yii\framework\web\CWebApplication.php:286
Stack trace:
#0 C:\wamp64\www\yii\framework\web\CWebApplication.php(141): CWebApplication->runController('themes/abound/c...')
#1 C:\wamp64\www\yii\framework\base\CApplication.php(185): CWebApplication->processRequest()
#2 C:\wamp64\www\sisdiet\index.php(13): CApplication->run()
#3 {main}
REQUEST_URI=/sisdiet/themes/abound/css/gotico.css
HTTP_REFERER=http://localhost:81/sisdiet/index.php/dieta/admin?visible=1
---
2018/08/03 13:58:43 [error] [exception.CHttpException.404] exception 'CHttpException' with message 'No es posible resolver la solicitud "js/zeta.js"' in C:\wamp64\www\yii\framework\web\CWebApplication.php:286
Stack trace:
#0 C:\wamp64\www\yii\framework\web\CWebApplication.php(141): CWebApplication->runController('js/zeta.js')
#1 C:\wamp64\www\yii\framework\base\CApplication.php(185): CWebApplication->processRequest()
#2 C:\wamp64\www\sisdiet\index.php(13): CApplication->run()
#3 {main}
REQUEST_URI=/sisdiet/js/zeta.js
HTTP_REFERER=http://localhost:81/sisdiet/index.php/dieta/admin?visible=1
---
2018/08/03 13:58:43 [error] [exception.CHttpException.404] exception 'CHttpException' with message 'No es posible resolver la solicitud "themes/abound/css/gotico.css"' in C:\wamp64\www\yii\framework\web\CWebApplication.php:286
Stack trace:
#0 C:\wamp64\www\yii\framework\web\CWebApplication.php(141): CWebApplication->runController('themes/abound/c...')
#1 C:\wamp64\www\yii\framework\base\CApplication.php(185): CWebApplication->processRequest()
#2 C:\wamp64\www\sisdiet\index.php(13): CApplication->run()
#3 {main}
REQUEST_URI=/sisdiet/themes/abound/css/gotico.css
HTTP_REFERER=http://localhost:81/sisdiet/index.php/dieta/admin?visible=1
---
2018/08/03 13:58:49 [error] [exception.CHttpException.404] exception 'CHttpException' with message 'No es posible resolver la solicitud "themes/abound/css/gotico.css"' in C:\wamp64\www\yii\framework\web\CWebApplication.php:286
Stack trace:
#0 C:\wamp64\www\yii\framework\web\CWebApplication.php(141): CWebApplication->runController('themes/abound/c...')
#1 C:\wamp64\www\yii\framework\base\CApplication.php(185): CWebApplication->processRequest()
#2 C:\wamp64\www\sisdiet\index.php(13): CApplication->run()
#3 {main}
REQUEST_URI=/sisdiet/themes/abound/css/gotico.css
HTTP_REFERER=http://localhost:81/sisdiet/index.php/dieta/13
---
2018/08/03 13:58:49 [error] [exception.CHttpException.404] exception 'CHttpException' with message 'No es posible resolver la solicitud "js/zeta.js"' in C:\wamp64\www\yii\framework\web\CWebApplication.php:286
Stack trace:
#0 C:\wamp64\www\yii\framework\web\CWebApplication.php(141): CWebApplication->runController('js/zeta.js')
#1 C:\wamp64\www\yii\framework\base\CApplication.php(185): CWebApplication->processRequest()
#2 C:\wamp64\www\sisdiet\index.php(13): CApplication->run()
#3 {main}
REQUEST_URI=/sisdiet/js/zeta.js
HTTP_REFERER=http://localhost:81/sisdiet/index.php/dieta/13
---
2018/08/03 13:58:55 [error] [exception.CHttpException.404] exception 'CHttpException' with message 'No es posible resolver la solicitud "js/zeta.js"' in C:\wamp64\www\yii\framework\web\CWebApplication.php:286
Stack trace:
#0 C:\wamp64\www\yii\framework\web\CWebApplication.php(141): CWebApplication->runController('js/zeta.js')
#1 C:\wamp64\www\yii\framework\base\CApplication.php(185): CWebApplication->processRequest()
#2 C:\wamp64\www\sisdiet\index.php(13): CApplication->run()
#3 {main}
REQUEST_URI=/sisdiet/js/zeta.js
HTTP_REFERER=http://localhost:81/sisdiet/index.php/factura/create/13
---
2018/08/03 13:58:55 [error] [exception.CHttpException.404] exception 'CHttpException' with message 'No es posible resolver la solicitud "themes/abound/css/gotico.css"' in C:\wamp64\www\yii\framework\web\CWebApplication.php:286
Stack trace:
#0 C:\wamp64\www\yii\framework\web\CWebApplication.php(141): CWebApplication->runController('themes/abound/c...')
#1 C:\wamp64\www\yii\framework\base\CApplication.php(185): CWebApplication->processRequest()
#2 C:\wamp64\www\sisdiet\index.php(13): CApplication->run()
#3 {main}
REQUEST_URI=/sisdiet/themes/abound/css/gotico.css
HTTP_REFERER=http://localhost:81/sisdiet/index.php/factura/create/13
---
2018/08/03 13:58:59 [error] [exception.CHttpException.404] exception 'CHttpException' with message 'No es posible resolver la solicitud "js/zeta.js"' in C:\wamp64\www\yii\framework\web\CWebApplication.php:286
Stack trace:
#0 C:\wamp64\www\yii\framework\web\CWebApplication.php(141): CWebApplication->runController('js/zeta.js')
#1 C:\wamp64\www\yii\framework\base\CApplication.php(185): CWebApplication->processRequest()
#2 C:\wamp64\www\sisdiet\index.php(13): CApplication->run()
#3 {main}
REQUEST_URI=/sisdiet/js/zeta.js
HTTP_REFERER=http://localhost:81/sisdiet/index.php/factura/2
---
2018/08/03 13:58:59 [error] [exception.CHttpException.404] exception 'CHttpException' with message 'No es posible resolver la solicitud "themes/abound/css/gotico.css"' in C:\wamp64\www\yii\framework\web\CWebApplication.php:286
Stack trace:
#0 C:\wamp64\www\yii\framework\web\CWebApplication.php(141): CWebApplication->runController('themes/abound/c...')
#1 C:\wamp64\www\yii\framework\base\CApplication.php(185): CWebApplication->processRequest()
#2 C:\wamp64\www\sisdiet\index.php(13): CApplication->run()
#3 {main}
REQUEST_URI=/sisdiet/themes/abound/css/gotico.css
HTTP_REFERER=http://localhost:81/sisdiet/index.php/factura/2
---
2018/08/03 13:59:01 [error] [php] preg_replace(): The /e modifier is deprecated, use preg_replace_callback instead (C:\wamp64\www\sisdiet\protected\extensions\MPDF53\includes\functions.php:66)
Stack trace:
#0 C:\wamp64\www\sisdiet\protected\extensions\MPDF53\mpdf.php(13376): mPDF->purify_utf8()
#1 C:\wamp64\www\sisdiet\protected\views\factura\pdf_factura.php(127): mPDF->WriteHTML()
#2 C:\wamp64\www\yii\framework\web\CBaseController.php(126): require()
#3 C:\wamp64\www\yii\framework\web\CBaseController.php(95): FacturaController->renderInternal()
#4 C:\wamp64\www\yii\framework\web\CController.php(872): FacturaController->renderFile()
#5 C:\wamp64\www\yii\framework\web\CController.php(785): FacturaController->renderPartial()
#6 C:\wamp64\www\sisdiet\protected\controllers\FacturaController.php(53): FacturaController->render()
#7 unknown(0): FacturaController->actionPdf_factura()
#8 C:\wamp64\www\yii\framework\web\actions\CAction.php(109): ReflectionMethod->invokeArgs()
#9 C:\wamp64\www\yii\framework\web\actions\CInlineAction.php(47): CInlineAction->runWithParamsInternal()
#10 C:\wamp64\www\yii\framework\web\CController.php(308): CInlineAction->runWithParams()
#11 C:\wamp64\www\yii\framework\web\filters\CFilterChain.php(134): FacturaController->runAction()
#12 C:\wamp64\www\yii\framework\web\filters\CFilter.php(40): CFilterChain->run()
#13 C:\wamp64\www\yii\framework\web\CController.php(1148): CAccessControlFilter->filter()
#14 C:\wamp64\www\yii\framework\web\filters\CInlineFilter.php(58): FacturaController->filterAccessControl()
#15 C:\wamp64\www\yii\framework\web\filters\CFilterChain.php(131): CInlineFilter->filter()
#16 C:\wamp64\www\yii\framework\web\CController.php(291): CFilterChain->run()
#17 C:\wamp64\www\yii\framework\web\CController.php(265): FacturaController->runActionWithFilters()
#18 C:\wamp64\www\yii\framework\web\CWebApplication.php(282): FacturaController->run()
#19 C:\wamp64\www\yii\framework\web\CWebApplication.php(141): CWebApplication->runController()
#20 C:\wamp64\www\yii\framework\base\CApplication.php(185): CWebApplication->processRequest()
#21 C:\wamp64\www\sisdiet\index.php(13): CWebApplication->run()
REQUEST_URI=/sisdiet/index.php/factura/pdf_factura/2
in C:\wamp64\www\sisdiet\protected\extensions\MPDF53\includes\functions.php (66)
in C:\wamp64\www\sisdiet\protected\extensions\MPDF53\mpdf.php (30796)
in C:\wamp64\www\sisdiet\protected\extensions\MPDF53\mpdf.php (13376)
2018/08/03 13:59:02 [error] [exception.CHttpException.404] exception 'CHttpException' with message 'No es posible resolver la solicitud "themes/abound/css/gotico.css"' in C:\wamp64\www\yii\framework\web\CWebApplication.php:286
Stack trace:
#0 C:\wamp64\www\yii\framework\web\CWebApplication.php(141): CWebApplication->runController('themes/abound/c...')
#1 C:\wamp64\www\yii\framework\base\CApplication.php(185): CWebApplication->processRequest()
#2 C:\wamp64\www\sisdiet\index.php(13): CApplication->run()
#3 {main}
REQUEST_URI=/sisdiet/themes/abound/css/gotico.css
HTTP_REFERER=http://localhost:81/sisdiet/index.php/factura/pdf_factura/2
---
2018/08/03 13:59:02 [error] [exception.CHttpException.404] exception 'CHttpException' with message 'No es posible resolver la solicitud "js/zeta.js"' in C:\wamp64\www\yii\framework\web\CWebApplication.php:286
Stack trace:
#0 C:\wamp64\www\yii\framework\web\CWebApplication.php(141): CWebApplication->runController('js/zeta.js')
#1 C:\wamp64\www\yii\framework\base\CApplication.php(185): CWebApplication->processRequest()
#2 C:\wamp64\www\sisdiet\index.php(13): CApplication->run()
#3 {main}
REQUEST_URI=/sisdiet/js/zeta.js
HTTP_REFERER=http://localhost:81/sisdiet/index.php/factura/pdf_factura/2
---
2018/08/03 14:11:18 [error] [php] Undefined index: T (C:\wamp64\www\sisdiet\protected\extensions\MPDF53\mpdf.php:14825)
Stack trace:
#0 C:\wamp64\www\sisdiet\protected\views\factura\pdf_factura.php(128): mPDF->WriteHTML()
#1 C:\wamp64\www\yii\framework\web\CBaseController.php(126): require()
#2 C:\wamp64\www\yii\framework\web\CBaseController.php(95): FacturaController->renderInternal()
#3 C:\wamp64\www\yii\framework\web\CController.php(872): FacturaController->renderFile()
#4 C:\wamp64\www\yii\framework\web\CController.php(785): FacturaController->renderPartial()
#5 C:\wamp64\www\sisdiet\protected\controllers\FacturaController.php(53): FacturaController->render()
#6 unknown(0): FacturaController->actionPdf_factura()
#7 C:\wamp64\www\yii\framework\web\actions\CAction.php(109): ReflectionMethod->invokeArgs()
#8 C:\wamp64\www\yii\framework\web\actions\CInlineAction.php(47): CInlineAction->runWithParamsInternal()
#9 C:\wamp64\www\yii\framework\web\CController.php(308): CInlineAction->runWithParams()
#10 C:\wamp64\www\yii\framework\web\filters\CFilterChain.php(134): FacturaController->runAction()
#11 C:\wamp64\www\yii\framework\web\filters\CFilter.php(40): CFilterChain->run()
#12 C:\wamp64\www\yii\framework\web\CController.php(1148): CAccessControlFilter->filter()
#13 C:\wamp64\www\yii\framework\web\filters\CInlineFilter.php(58): FacturaController->filterAccessControl()
#14 C:\wamp64\www\yii\framework\web\filters\CFilterChain.php(131): CInlineFilter->filter()
#15 C:\wamp64\www\yii\framework\web\CController.php(291): CFilterChain->run()
#16 C:\wamp64\www\yii\framework\web\CController.php(265): FacturaController->runActionWithFilters()
#17 C:\wamp64\www\yii\framework\web\CWebApplication.php(282): FacturaController->run()
#18 C:\wamp64\www\yii\framework\web\CWebApplication.php(141): CWebApplication->runController()
#19 C:\wamp64\www\yii\framework\base\CApplication.php(185): CWebApplication->processRequest()
#20 C:\wamp64\www\sisdiet\index.php(13): CWebApplication->run()
REQUEST_URI=/sisdiet/index.php/factura/pdf_factura/2
in C:\wamp64\www\sisdiet\protected\extensions\MPDF53\mpdf.php (14825)
in C:\wamp64\www\sisdiet\protected\extensions\MPDF53\mpdf.php (22673)
in C:\wamp64\www\sisdiet\protected\extensions\MPDF53\mpdf.php (13392)
2018/08/03 14:11:19 [error] [exception.CHttpException.404] exception 'CHttpException' with message 'No es posible resolver la solicitud "js/zeta.js"' in C:\wamp64\www\yii\framework\web\CWebApplication.php:286
Stack trace:
#0 C:\wamp64\www\yii\framework\web\CWebApplication.php(141): CWebApplication->runController('js/zeta.js')
#1 C:\wamp64\www\yii\framework\base\CApplication.php(185): CWebApplication->processRequest()
#2 C:\wamp64\www\sisdiet\index.php(13): CApplication->run()
#3 {main}
REQUEST_URI=/sisdiet/js/zeta.js
HTTP_REFERER=http://localhost:81/sisdiet/index.php/factura/pdf_factura/2
---
2018/08/03 14:11:19 [error] [exception.CHttpException.404] exception 'CHttpException' with message 'No es posible resolver la solicitud "themes/abound/css/gotico.css"' in C:\wamp64\www\yii\framework\web\CWebApplication.php:286
Stack trace:
#0 C:\wamp64\www\yii\framework\web\CWebApplication.php(141): CWebApplication->runController('themes/abound/c...')
#1 C:\wamp64\www\yii\framework\base\CApplication.php(185): CWebApplication->processRequest()
#2 C:\wamp64\www\sisdiet\index.php(13): CApplication->run()
#3 {main}
REQUEST_URI=/sisdiet/themes/abound/css/gotico.css
HTTP_REFERER=http://localhost:81/sisdiet/index.php/factura/pdf_factura/2
---
2018/08/03 14:11:25 [error] [exception.CHttpException.404] exception 'CHttpException' with message 'No es posible resolver la solicitud "themes/abound/css/gotico.css"' in C:\wamp64\www\yii\framework\web\CWebApplication.php:286
Stack trace:
#0 C:\wamp64\www\yii\framework\web\CWebApplication.php(141): CWebApplication->runController('themes/abound/c...')
#1 C:\wamp64\www\yii\framework\base\CApplication.php(185): CWebApplication->processRequest()
#2 C:\wamp64\www\sisdiet\index.php(13): CApplication->run()
#3 {main}
REQUEST_URI=/sisdiet/themes/abound/css/gotico.css
HTTP_REFERER=http://localhost:81/sisdiet/index.php/cliente/create?visible=1
---
2018/08/03 14:11:25 [error] [exception.CHttpException.404] exception 'CHttpException' with message 'No es posible resolver la solicitud "js/zeta.js"' in C:\wamp64\www\yii\framework\web\CWebApplication.php:286
Stack trace:
#0 C:\wamp64\www\yii\framework\web\CWebApplication.php(141): CWebApplication->runController('js/zeta.js')
#1 C:\wamp64\www\yii\framework\base\CApplication.php(185): CWebApplication->processRequest()
#2 C:\wamp64\www\sisdiet\index.php(13): CApplication->run()
#3 {main}
REQUEST_URI=/sisdiet/js/zeta.js
HTTP_REFERER=http://localhost:81/sisdiet/index.php/cliente/create?visible=1
---
2018/08/03 14:11:28 [error] [exception.CHttpException.404] exception 'CHttpException' with message 'No es posible resolver la solicitud "js/zeta.js"' in C:\wamp64\www\yii\framework\web\CWebApplication.php:286
Stack trace:
#0 C:\wamp64\www\yii\framework\web\CWebApplication.php(141): CWebApplication->runController('js/zeta.js')
#1 C:\wamp64\www\yii\framework\base\CApplication.php(185): CWebApplication->processRequest()
#2 C:\wamp64\www\sisdiet\index.php(13): CApplication->run()
#3 {main}
REQUEST_URI=/sisdiet/js/zeta.js
HTTP_REFERER=http://localhost:81/sisdiet/index.php/factura/admin
---
2018/08/03 14:11:28 [error] [exception.CHttpException.404] exception 'CHttpException' with message 'No es posible resolver la solicitud "themes/abound/css/gotico.css"' in C:\wamp64\www\yii\framework\web\CWebApplication.php:286
Stack trace:
#0 C:\wamp64\www\yii\framework\web\CWebApplication.php(141): CWebApplication->runController('themes/abound/c...')
#1 C:\wamp64\www\yii\framework\base\CApplication.php(185): CWebApplication->processRequest()
#2 C:\wamp64\www\sisdiet\index.php(13): CApplication->run()
#3 {main}
REQUEST_URI=/sisdiet/themes/abound/css/gotico.css
HTTP_REFERER=http://localhost:81/sisdiet/index.php/factura/admin
---
2018/08/03 14:11:28 [error] [exception.CHttpException.404] exception 'CHttpException' with message 'No es posible resolver la solicitud "themes/abound/css/gotico.css"' in C:\wamp64\www\yii\framework\web\CWebApplication.php:286
Stack trace:
#0 C:\wamp64\www\yii\framework\web\CWebApplication.php(141): CWebApplication->runController('themes/abound/c...')
#1 C:\wamp64\www\yii\framework\base\CApplication.php(185): CWebApplication->processRequest()
#2 C:\wamp64\www\sisdiet\index.php(13): CApplication->run()
#3 {main}
REQUEST_URI=/sisdiet/themes/abound/css/gotico.css
HTTP_REFERER=http://localhost:81/sisdiet/index.php/factura/admin
---
2018/08/03 14:11:28 [error] [exception.CHttpException.404] exception 'CHttpException' with message 'No es posible resolver la solicitud "js/zeta.js"' in C:\wamp64\www\yii\framework\web\CWebApplication.php:286
Stack trace:
#0 C:\wamp64\www\yii\framework\web\CWebApplication.php(141): CWebApplication->runController('js/zeta.js')
#1 C:\wamp64\www\yii\framework\base\CApplication.php(185): CWebApplication->processRequest()
#2 C:\wamp64\www\sisdiet\index.php(13): CApplication->run()
#3 {main}
REQUEST_URI=/sisdiet/js/zeta.js
HTTP_REFERER=http://localhost:81/sisdiet/index.php/factura/admin
---
2018/08/03 14:12:38 [error] [exception.CHttpException.404] exception 'CHttpException' with message 'No es posible resolver la solicitud "themes/abound/css/gotico.css"' in C:\wamp64\www\yii\framework\web\CWebApplication.php:286
Stack trace:
#0 C:\wamp64\www\yii\framework\web\CWebApplication.php(141): CWebApplication->runController('themes/abound/c...')
#1 C:\wamp64\www\yii\framework\base\CApplication.php(185): CWebApplication->processRequest()
#2 C:\wamp64\www\sisdiet\index.php(13): CApplication->run()
#3 {main}
REQUEST_URI=/sisdiet/themes/abound/css/gotico.css
HTTP_REFERER=http://localhost:81/sisdiet/index.php/cliente/create?visible=1
---
2018/08/03 14:12:38 [error] [exception.CHttpException.404] exception 'CHttpException' with message 'No es posible resolver la solicitud "js/zeta.js"' in C:\wamp64\www\yii\framework\web\CWebApplication.php:286
Stack trace:
#0 C:\wamp64\www\yii\framework\web\CWebApplication.php(141): CWebApplication->runController('js/zeta.js')
#1 C:\wamp64\www\yii\framework\base\CApplication.php(185): CWebApplication->processRequest()
#2 C:\wamp64\www\sisdiet\index.php(13): CApplication->run()
#3 {main}
REQUEST_URI=/sisdiet/js/zeta.js
HTTP_REFERER=http://localhost:81/sisdiet/index.php/cliente/create?visible=1
---
2018/08/03 14:12:40 [error] [exception.CHttpException.404] exception 'CHttpException' with message 'No es posible resolver la solicitud "themes/abound/css/gotico.css"' in C:\wamp64\www\yii\framework\web\CWebApplication.php:286
Stack trace:
#0 C:\wamp64\www\yii\framework\web\CWebApplication.php(141): CWebApplication->runController('themes/abound/c...')
#1 C:\wamp64\www\yii\framework\base\CApplication.php(185): CWebApplication->processRequest()
#2 C:\wamp64\www\sisdiet\index.php(13): CApplication->run()
#3 {main}
REQUEST_URI=/sisdiet/themes/abound/css/gotico.css
HTTP_REFERER=http://localhost:81/sisdiet/index.php/factura/admin
---
2018/08/03 14:12:40 [error] [exception.CHttpException.404] exception 'CHttpException' with message 'No es posible resolver la solicitud "js/zeta.js"' in C:\wamp64\www\yii\framework\web\CWebApplication.php:286
Stack trace:
#0 C:\wamp64\www\yii\framework\web\CWebApplication.php(141): CWebApplication->runController('js/zeta.js')
#1 C:\wamp64\www\yii\framework\base\CApplication.php(185): CWebApplication->processRequest()
#2 C:\wamp64\www\sisdiet\index.php(13): CApplication->run()
#3 {main}
REQUEST_URI=/sisdiet/js/zeta.js
HTTP_REFERER=http://localhost:81/sisdiet/index.php/factura/admin
---
2018/08/03 14:14:49 [error] [exception.CHttpException.404] exception 'CHttpException' with message 'No es posible resolver la solicitud "themes/abound/css/gotico.css"' in C:\wamp64\www\yii\framework\web\CWebApplication.php:286
Stack trace:
#0 C:\wamp64\www\yii\framework\web\CWebApplication.php(141): CWebApplication->runController('themes/abound/c...')
#1 C:\wamp64\www\yii\framework\base\CApplication.php(185): CWebApplication->processRequest()
#2 C:\wamp64\www\sisdiet\index.php(13): CApplication->run()
#3 {main}
REQUEST_URI=/sisdiet/themes/abound/css/gotico.css
HTTP_REFERER=http://localhost:81/sisdiet/index.php/factura/admin
---
2018/08/03 14:14:49 [error] [exception.CHttpException.404] exception 'CHttpException' with message 'No es posible resolver la solicitud "js/zeta.js"' in C:\wamp64\www\yii\framework\web\CWebApplication.php:286
Stack trace:
#0 C:\wamp64\www\yii\framework\web\CWebApplication.php(141): CWebApplication->runController('js/zeta.js')
#1 C:\wamp64\www\yii\framework\base\CApplication.php(185): CWebApplication->processRequest()
#2 C:\wamp64\www\sisdiet\index.php(13): CApplication->run()
#3 {main}
REQUEST_URI=/sisdiet/js/zeta.js
HTTP_REFERER=http://localhost:81/sisdiet/index.php/factura/admin
---
2018/08/03 14:15:18 [error] [exception.CHttpException.404] exception 'CHttpException' with message 'No es posible resolver la solicitud "themes/abound/css/gotico.css"' in C:\wamp64\www\yii\framework\web\CWebApplication.php:286
Stack trace:
#0 C:\wamp64\www\yii\framework\web\CWebApplication.php(141): CWebApplication->runController('themes/abound/c...')
#1 C:\wamp64\www\yii\framework\base\CApplication.php(185): CWebApplication->processRequest()
#2 C:\wamp64\www\sisdiet\index.php(13): CApplication->run()
#3 {main}
REQUEST_URI=/sisdiet/themes/abound/css/gotico.css
HTTP_REFERER=http://localhost:81/sisdiet/index.php/factura/admin
---
2018/08/03 14:15:18 [error] [exception.CHttpException.404] exception 'CHttpException' with message 'No es posible resolver la solicitud "js/zeta.js"' in C:\wamp64\www\yii\framework\web\CWebApplication.php:286
Stack trace:
#0 C:\wamp64\www\yii\framework\web\CWebApplication.php(141): CWebApplication->runController('js/zeta.js')
#1 C:\wamp64\www\yii\framework\base\CApplication.php(185): CWebApplication->processRequest()
#2 C:\wamp64\www\sisdiet\index.php(13): CApplication->run()
#3 {main}
REQUEST_URI=/sisdiet/js/zeta.js
HTTP_REFERER=http://localhost:81/sisdiet/index.php/factura/admin
---
2018/08/03 14:44:33 [error] [exception.CHttpException.404] exception 'CHttpException' with message 'No es posible resolver la solicitud "js/zeta.js"' in C:\wamp64\www\yii\framework\web\CWebApplication.php:286
Stack trace:
#0 C:\wamp64\www\yii\framework\web\CWebApplication.php(141): CWebApplication->runController('js/zeta.js')
#1 C:\wamp64\www\yii\framework\base\CApplication.php(185): CWebApplication->processRequest()
#2 C:\wamp64\www\sisdiet\index.php(13): CApplication->run()
#3 {main}
REQUEST_URI=/sisdiet/js/zeta.js
HTTP_REFERER=http://localhost:81/sisdiet/index.php/factura/admin
---
2018/08/03 14:44:33 [error] [exception.CHttpException.404] exception 'CHttpException' with message 'No es posible resolver la solicitud "themes/abound/css/gotico.css"' in C:\wamp64\www\yii\framework\web\CWebApplication.php:286
Stack trace:
#0 C:\wamp64\www\yii\framework\web\CWebApplication.php(141): CWebApplication->runController('themes/abound/c...')
#1 C:\wamp64\www\yii\framework\base\CApplication.php(185): CWebApplication->processRequest()
#2 C:\wamp64\www\sisdiet\index.php(13): CApplication->run()
#3 {main}
REQUEST_URI=/sisdiet/themes/abound/css/gotico.css
HTTP_REFERER=http://localhost:81/sisdiet/index.php/factura/admin
---
2018/08/03 14:44:34 [error] [exception.CHttpException.404] exception 'CHttpException' with message 'No es posible resolver la solicitud "js/zeta.js"' in C:\wamp64\www\yii\framework\web\CWebApplication.php:286
Stack trace:
#0 C:\wamp64\www\yii\framework\web\CWebApplication.php(141): CWebApplication->runController('js/zeta.js')
#1 C:\wamp64\www\yii\framework\base\CApplication.php(185): CWebApplication->processRequest()
#2 C:\wamp64\www\sisdiet\index.php(13): CApplication->run()
#3 {main}
REQUEST_URI=/sisdiet/js/zeta.js
HTTP_REFERER=http://localhost:81/sisdiet/index.php/factura/admin
---
2018/08/03 14:45:16 [error] [exception.CHttpException.404] exception 'CHttpException' with message 'No es posible resolver la solicitud "themes/abound/css/gotico.css"' in C:\wamp64\www\yii\framework\web\CWebApplication.php:286
Stack trace:
#0 C:\wamp64\www\yii\framework\web\CWebApplication.php(141): CWebApplication->runController('themes/abound/c...')
#1 C:\wamp64\www\yii\framework\base\CApplication.php(185): CWebApplication->processRequest()
#2 C:\wamp64\www\sisdiet\index.php(13): CApplication->run()
#3 {main}
REQUEST_URI=/sisdiet/themes/abound/css/gotico.css
HTTP_REFERER=http://localhost:81/sisdiet/index.php/factura/admin
---
2018/08/03 14:45:16 [error] [exception.CHttpException.404] exception 'CHttpException' with message 'No es posible resolver la solicitud "js/zeta.js"' in C:\wamp64\www\yii\framework\web\CWebApplication.php:286
Stack trace:
#0 C:\wamp64\www\yii\framework\web\CWebApplication.php(141): CWebApplication->runController('js/zeta.js')
#1 C:\wamp64\www\yii\framework\base\CApplication.php(185): CWebApplication->processRequest()
#2 C:\wamp64\www\sisdiet\index.php(13): CApplication->run()
#3 {main}
REQUEST_URI=/sisdiet/js/zeta.js
HTTP_REFERER=http://localhost:81/sisdiet/index.php/factura/admin
---
2018/08/03 14:45:32 [error] [exception.CHttpException.404] exception 'CHttpException' with message 'No es posible resolver la solicitud "themes/abound/css/gotico.css"' in C:\wamp64\www\yii\framework\web\CWebApplication.php:286
Stack trace:
#0 C:\wamp64\www\yii\framework\web\CWebApplication.php(141): CWebApplication->runController('themes/abound/c...')
#1 C:\wamp64\www\yii\framework\base\CApplication.php(185): CWebApplication->processRequest()
#2 C:\wamp64\www\sisdiet\index.php(13): CApplication->run()
#3 {main}
REQUEST_URI=/sisdiet/themes/abound/css/gotico.css
HTTP_REFERER=http://localhost:81/sisdiet/index.php/factura/admin
---
2018/08/03 14:45:32 [error] [exception.CHttpException.404] exception 'CHttpException' with message 'No es posible resolver la solicitud "js/zeta.js"' in C:\wamp64\www\yii\framework\web\CWebApplication.php:286
Stack trace:
#0 C:\wamp64\www\yii\framework\web\CWebApplication.php(141): CWebApplication->runController('js/zeta.js')
#1 C:\wamp64\www\yii\framework\base\CApplication.php(185): CWebApplication->processRequest()
#2 C:\wamp64\www\sisdiet\index.php(13): CApplication->run()
#3 {main}
REQUEST_URI=/sisdiet/js/zeta.js
HTTP_REFERER=http://localhost:81/sisdiet/index.php/factura/admin
---
2018/08/03 14:45:45 [error] [exception.CHttpException.404] exception 'CHttpException' with message 'No es posible resolver la solicitud "themes/abound/css/gotico.css"' in C:\wamp64\www\yii\framework\web\CWebApplication.php:286
Stack trace:
#0 C:\wamp64\www\yii\framework\web\CWebApplication.php(141): CWebApplication->runController('themes/abound/c...')
#1 C:\wamp64\www\yii\framework\base\CApplication.php(185): CWebApplication->processRequest()
#2 C:\wamp64\www\sisdiet\index.php(13): CApplication->run()
#3 {main}
REQUEST_URI=/sisdiet/themes/abound/css/gotico.css
HTTP_REFERER=http://localhost:81/sisdiet/index.php/factura/admin
---
2018/08/03 14:45:45 [error] [exception.CHttpException.404] exception 'CHttpException' with message 'No es posible resolver la solicitud "js/zeta.js"' in C:\wamp64\www\yii\framework\web\CWebApplication.php:286
Stack trace:
#0 C:\wamp64\www\yii\framework\web\CWebApplication.php(141): CWebApplication->runController('js/zeta.js')
#1 C:\wamp64\www\yii\framework\base\CApplication.php(185): CWebApplication->processRequest()
#2 C:\wamp64\www\sisdiet\index.php(13): CApplication->run()
#3 {main}
REQUEST_URI=/sisdiet/js/zeta.js
HTTP_REFERER=http://localhost:81/sisdiet/index.php/factura/admin
---
2018/08/03 14:46:35 [error] [exception.CHttpException.404] exception 'CHttpException' with message 'No es posible resolver la solicitud "js/zeta.js"' in C:\wamp64\www\yii\framework\web\CWebApplication.php:286
Stack trace:
#0 C:\wamp64\www\yii\framework\web\CWebApplication.php(141): CWebApplication->runController('js/zeta.js')
#1 C:\wamp64\www\yii\framework\base\CApplication.php(185): CWebApplication->processRequest()
#2 C:\wamp64\www\sisdiet\index.php(13): CApplication->run()
#3 {main}
REQUEST_URI=/sisdiet/js/zeta.js
HTTP_REFERER=http://localhost:81/sisdiet/index.php/factura/admin
---
2018/08/03 14:46:35 [error] [exception.CHttpException.404] exception 'CHttpException' with message 'No es posible resolver la solicitud "themes/abound/css/gotico.css"' in C:\wamp64\www\yii\framework\web\CWebApplication.php:286
Stack trace:
#0 C:\wamp64\www\yii\framework\web\CWebApplication.php(141): CWebApplication->runController('themes/abound/c...')
#1 C:\wamp64\www\yii\framework\base\CApplication.php(185): CWebApplication->processRequest()
#2 C:\wamp64\www\sisdiet\index.php(13): CApplication->run()
#3 {main}
REQUEST_URI=/sisdiet/themes/abound/css/gotico.css
HTTP_REFERER=http://localhost:81/sisdiet/index.php/factura/admin
---
2018/08/03 14:46:42 [error] [exception.CHttpException.404] exception 'CHttpException' with message 'No es posible resolver la solicitud "js/zeta.js"' in C:\wamp64\www\yii\framework\web\CWebApplication.php:286
Stack trace:
#0 C:\wamp64\www\yii\framework\web\CWebApplication.php(141): CWebApplication->runController('js/zeta.js')
#1 C:\wamp64\www\yii\framework\base\CApplication.php(185): CWebApplication->processRequest()
#2 C:\wamp64\www\sisdiet\index.php(13): CApplication->run()
#3 {main}
REQUEST_URI=/sisdiet/js/zeta.js
HTTP_REFERER=http://localhost:81/sisdiet/index.php/factura/admin
---
2018/08/03 14:46:42 [error] [exception.CHttpException.404] exception 'CHttpException' with message 'No es posible resolver la solicitud "themes/abound/css/gotico.css"' in C:\wamp64\www\yii\framework\web\CWebApplication.php:286
Stack trace:
#0 C:\wamp64\www\yii\framework\web\CWebApplication.php(141): CWebApplication->runController('themes/abound/c...')
#1 C:\wamp64\www\yii\framework\base\CApplication.php(185): CWebApplication->processRequest()
#2 C:\wamp64\www\sisdiet\index.php(13): CApplication->run()
#3 {main}
REQUEST_URI=/sisdiet/themes/abound/css/gotico.css
HTTP_REFERER=http://localhost:81/sisdiet/index.php/factura/admin
---
2018/08/03 14:47:01 [error] [exception.CHttpException.404] exception 'CHttpException' with message 'No es posible resolver la solicitud "js/zeta.js"' in C:\wamp64\www\yii\framework\web\CWebApplication.php:286
Stack trace:
#0 C:\wamp64\www\yii\framework\web\CWebApplication.php(141): CWebApplication->runController('js/zeta.js')
#1 C:\wamp64\www\yii\framework\base\CApplication.php(185): CWebApplication->processRequest()
#2 C:\wamp64\www\sisdiet\index.php(13): CApplication->run()
#3 {main}
REQUEST_URI=/sisdiet/js/zeta.js
HTTP_REFERER=http://localhost:81/sisdiet/index.php/factura/admin
---
2018/08/03 14:47:01 [error] [exception.CHttpException.404] exception 'CHttpException' with message 'No es posible resolver la solicitud "themes/abound/css/gotico.css"' in C:\wamp64\www\yii\framework\web\CWebApplication.php:286
Stack trace:
#0 C:\wamp64\www\yii\framework\web\CWebApplication.php(141): CWebApplication->runController('themes/abound/c...')
#1 C:\wamp64\www\yii\framework\base\CApplication.php(185): CWebApplication->processRequest()
#2 C:\wamp64\www\sisdiet\index.php(13): CApplication->run()
#3 {main}
REQUEST_URI=/sisdiet/themes/abound/css/gotico.css
HTTP_REFERER=http://localhost:81/sisdiet/index.php/factura/admin
---
2018/08/03 14:47:14 [error] [exception.CHttpException.404] exception 'CHttpException' with message 'No es posible resolver la solicitud "themes/abound/css/gotico.css"' in C:\wamp64\www\yii\framework\web\CWebApplication.php:286
Stack trace:
#0 C:\wamp64\www\yii\framework\web\CWebApplication.php(141): CWebApplication->runController('themes/abound/c...')
#1 C:\wamp64\www\yii\framework\base\CApplication.php(185): CWebApplication->processRequest()
#2 C:\wamp64\www\sisdiet\index.php(13): CApplication->run()
#3 {main}
REQUEST_URI=/sisdiet/themes/abound/css/gotico.css
HTTP_REFERER=http://localhost:81/sisdiet/index.php/factura/admin
---
2018/08/03 14:47:14 [error] [exception.CHttpException.404] exception 'CHttpException' with message 'No es posible resolver la solicitud "js/zeta.js"' in C:\wamp64\www\yii\framework\web\CWebApplication.php:286
Stack trace:
#0 C:\wamp64\www\yii\framework\web\CWebApplication.php(141): CWebApplication->runController('js/zeta.js')
#1 C:\wamp64\www\yii\framework\base\CApplication.php(185): CWebApplication->processRequest()
#2 C:\wamp64\www\sisdiet\index.php(13): CApplication->run()
#3 {main}
REQUEST_URI=/sisdiet/js/zeta.js
HTTP_REFERER=http://localhost:81/sisdiet/index.php/factura/admin
---
2018/08/03 14:47:41 [error] [exception.CHttpException.404] exception 'CHttpException' with message 'No es posible resolver la solicitud "themes/abound/css/gotico.css"' in C:\wamp64\www\yii\framework\web\CWebApplication.php:286
Stack trace:
#0 C:\wamp64\www\yii\framework\web\CWebApplication.php(141): CWebApplication->runController('themes/abound/c...')
#1 C:\wamp64\www\yii\framework\base\CApplication.php(185): CWebApplication->processRequest()
#2 C:\wamp64\www\sisdiet\index.php(13): CApplication->run()
#3 {main}
REQUEST_URI=/sisdiet/themes/abound/css/gotico.css
HTTP_REFERER=http://localhost:81/sisdiet/index.php/factura/admin
---
2018/08/03 14:47:41 [error] [exception.CHttpException.404] exception 'CHttpException' with message 'No es posible resolver la solicitud "js/zeta.js"' in C:\wamp64\www\yii\framework\web\CWebApplication.php:286
Stack trace:
#0 C:\wamp64\www\yii\framework\web\CWebApplication.php(141): CWebApplication->runController('js/zeta.js')
#1 C:\wamp64\www\yii\framework\base\CApplication.php(185): CWebApplication->processRequest()
#2 C:\wamp64\www\sisdiet\index.php(13): CApplication->run()
#3 {main}
REQUEST_URI=/sisdiet/js/zeta.js
HTTP_REFERER=http://localhost:81/sisdiet/index.php/factura/admin
---
2018/08/03 14:47:51 [error] [exception.CHttpException.404] exception 'CHttpException' with message 'No es posible resolver la solicitud "themes/abound/css/gotico.css"' in C:\wamp64\www\yii\framework\web\CWebApplication.php:286
Stack trace:
#0 C:\wamp64\www\yii\framework\web\CWebApplication.php(141): CWebApplication->runController('themes/abound/c...')
#1 C:\wamp64\www\yii\framework\base\CApplication.php(185): CWebApplication->processRequest()
#2 C:\wamp64\www\sisdiet\index.php(13): CApplication->run()
#3 {main}
REQUEST_URI=/sisdiet/themes/abound/css/gotico.css
HTTP_REFERER=http://localhost:81/sisdiet/index.php/factura/admin
---
2018/08/03 14:47:51 [error] [exception.CHttpException.404] exception 'CHttpException' with message 'No es posible resolver la solicitud "js/zeta.js"' in C:\wamp64\www\yii\framework\web\CWebApplication.php:286
Stack trace:
#0 C:\wamp64\www\yii\framework\web\CWebApplication.php(141): CWebApplication->runController('js/zeta.js')
#1 C:\wamp64\www\yii\framework\base\CApplication.php(185): CWebApplication->processRequest()
#2 C:\wamp64\www\sisdiet\index.php(13): CApplication->run()
#3 {main}
REQUEST_URI=/sisdiet/js/zeta.js
HTTP_REFERER=http://localhost:81/sisdiet/index.php/factura/admin
---
2018/08/03 14:48:12 [error] [exception.CHttpException.404] exception 'CHttpException' with message 'No es posible resolver la solicitud "themes/abound/css/gotico.css"' in C:\wamp64\www\yii\framework\web\CWebApplication.php:286
Stack trace:
#0 C:\wamp64\www\yii\framework\web\CWebApplication.php(141): CWebApplication->runController('themes/abound/c...')
#1 C:\wamp64\www\yii\framework\base\CApplication.php(185): CWebApplication->processRequest()
#2 C:\wamp64\www\sisdiet\index.php(13): CApplication->run()
#3 {main}
REQUEST_URI=/sisdiet/themes/abound/css/gotico.css
HTTP_REFERER=http://localhost:81/sisdiet/index.php/factura/admin
---
2018/08/03 14:48:12 [error] [exception.CHttpException.404] exception 'CHttpException' with message 'No es posible resolver la solicitud "js/zeta.js"' in C:\wamp64\www\yii\framework\web\CWebApplication.php:286
Stack trace:
#0 C:\wamp64\www\yii\framework\web\CWebApplication.php(141): CWebApplication->runController('js/zeta.js')
#1 C:\wamp64\www\yii\framework\base\CApplication.php(185): CWebApplication->processRequest()
#2 C:\wamp64\www\sisdiet\index.php(13): CApplication->run()
#3 {main}
REQUEST_URI=/sisdiet/js/zeta.js
HTTP_REFERER=http://localhost:81/sisdiet/index.php/factura/admin
---
2018/08/03 14:48:21 [error] [exception.CHttpException.404] exception 'CHttpException' with message 'No es posible resolver la solicitud "js/zeta.js"' in C:\wamp64\www\yii\framework\web\CWebApplication.php:286
Stack trace:
#0 C:\wamp64\www\yii\framework\web\CWebApplication.php(141): CWebApplication->runController('js/zeta.js')
#1 C:\wamp64\www\yii\framework\base\CApplication.php(185): CWebApplication->processRequest()
#2 C:\wamp64\www\sisdiet\index.php(13): CApplication->run()
#3 {main}
REQUEST_URI=/sisdiet/js/zeta.js
HTTP_REFERER=http://localhost:81/sisdiet/index.php/factura/admin
---
2018/08/03 14:48:21 [error] [exception.CHttpException.404] exception 'CHttpException' with message 'No es posible resolver la solicitud "themes/abound/css/gotico.css"' in C:\wamp64\www\yii\framework\web\CWebApplication.php:286
Stack trace:
#0 C:\wamp64\www\yii\framework\web\CWebApplication.php(141): CWebApplication->runController('themes/abound/c...')
#1 C:\wamp64\www\yii\framework\base\CApplication.php(185): CWebApplication->processRequest()
#2 C:\wamp64\www\sisdiet\index.php(13): CApplication->run()
#3 {main}
REQUEST_URI=/sisdiet/themes/abound/css/gotico.css
HTTP_REFERER=http://localhost:81/sisdiet/index.php/factura/admin
---
